# JRE version: OpenJDK Runtime Environment Temurin-21.0.8+9 (21.0.8+9) (build 21.0.8+9-LTS)
# Java VM: OpenJDK 64-Bit Server VM Temurin-21.0.8+9 (21.0.8+9-LTS, mixed mode, sharing, tiered, compressed oops, compressed class ptrs, parallel gc, windows-amd64)
GC Precious Log:
 CardTable entry size: 512
 CPUs: 8 total, 8 available
 Memory: 3877M
 Large Page Support: Disabled
 NUMA Support: Disabled
 Compressed Oops: Enabled (32-bit)
 Alignments: Space 512K, Generation 512K, Heap 2M
 Heap Min Capacity: 100M
 Heap Initial Capacity: 100M
 Heap Max Capacity: 2G
 Pre-touch: Disabled
 Parallel Workers: 8
Heap:
 PSYoungGen      total 6144K, used 5116K [0x00000000d5580000, 0x00000000d6080000, 0x0000000100000000)
  eden space 5632K, 83% used [0x00000000d5580000,0x00000000d5a17068,0x00000000d5b00000)
  from space 512K, 81% used [0x00000000d6000000,0x00000000d6068000,0x00000000d6080000)
  to   space 512K, 0% used [0x00000000d5f80000,0x00000000d5f80000,0x00000000d6000000)
 ParOldGen       total 1295360K, used 1295191K [0x0000000080000000, 0x00000000cf100000, 0x00000000d5580000)
  object space 1295360K, 99% used [0x0000000080000000,0x00000000cf0d5ec8,0x00000000cf100000)
 Metaspace       used 83814K, committed 85184K, reserved 1179648K
  class space    used 8436K, committed 9088K, reserved 1048576K
GC Heap History (20 events):
Event: 833.079 GC heap before
{Heap before GC invocations=1819 (full 5):
 PSYoungGen      total 5120K, used 4542K [0x00000000d5580000, 0x00000000d5c00000, 0x0000000100000000)
  eden space 4608K, 93% used [0x00000000d5580000,0x00000000d59afa98,0x00000000d5a00000)
  from space 512K, 50% used [0x00000000d5b80000,0x00000000d5bc0000,0x00000000d5c00000)
  to   space 512K, 0% used [0x00000000d5b00000,0x00000000d5b00000,0x00000000d5b80000)
 ParOldGen       total 1282048K, used 1281861K [0x0000000080000000, 0x00000000ce400000, 0x00000000d5580000)
  object space 1282048K, 99% used [0x0000000080000000,0x00000000ce3d1510,0x00000000ce400000)
 Metaspace       used 83742K, committed 85120K, reserved 1179648K
  class space    used 8433K, committed 9088K, reserved 1048576K
}
Event: 833.084 GC heap after
{Heap after GC invocations=1819 (full 5):
 PSYoungGen      total 6144K, used 507K [0x00000000d5580000, 0x00000000d5d00000, 0x0000000100000000)
  eden space 5632K, 0% used [0x00000000d5580000,0x00000000d5580000,0x00000000d5b00000)
  from space 512K, 99% used [0x00000000d5b00000,0x00000000d5b7efc8,0x00000000d5b80000)
  to   space 1024K, 0% used [0x00000000d5c00000,0x00000000d5c00000,0x00000000d5d00000)
 ParOldGen       total 1284096K, used 1284019K [0x0000000080000000, 0x00000000ce600000, 0x00000000d5580000)
  object space 1284096K, 99% used [0x0000000080000000,0x00000000ce5eced0,0x00000000ce600000)
 Metaspace       used 83742K, committed 85120K, reserved 1179648K
  class space    used 8433K, committed 9088K, reserved 1048576K
}
Event: 845.045 GC heap before
{Heap before GC invocations=1820 (full 5):
 PSYoungGen      total 6144K, used 6139K [0x00000000d5580000, 0x00000000d5d00000, 0x0000000100000000)
  eden space 5632K, 100% used [0x00000000d5580000,0x00000000d5b00000,0x00000000d5b00000)
  from space 512K, 99% used [0x00000000d5b00000,0x00000000d5b7efc8,0x00000000d5b80000)
  to   space 1024K, 0% used [0x00000000d5c00000,0x00000000d5c00000,0x00000000d5d00000)
 ParOldGen       total 1284096K, used 1284019K [0x0000000080000000, 0x00000000ce600000, 0x00000000d5580000)
  object space 1284096K, 99% used [0x0000000080000000,0x00000000ce5eced0,0x00000000ce600000)
 Metaspace       used 83753K, committed 85120K, reserved 1179648K
  class space    used 8435K, committed 9088K, reserved 1048576K
}
Event: 845.054 GC heap after
{Heap after GC invocations=1820 (full 5):
 PSYoungGen      total 6656K, used 674K [0x00000000d5580000, 0x00000000d5d00000, 0x0000000100000000)
  eden space 5632K, 0% used [0x00000000d5580000,0x00000000d5580000,0x00000000d5b00000)
  from space 1024K, 65% used [0x00000000d5c00000,0x00000000d5ca8810,0x00000000d5d00000)
  to   space 1024K, 0% used [0x00000000d5b00000,0x00000000d5b00000,0x00000000d5c00000)
 ParOldGen       total 1284096K, used 1284059K [0x0000000080000000, 0x00000000ce600000, 0x00000000d5580000)
  object space 1284096K, 99% used [0x0000000080000000,0x00000000ce5f6ed0,0x00000000ce600000)
 Metaspace       used 83753K, committed 85120K, reserved 1179648K
  class space    used 8435K, committed 9088K, reserved 1048576K
}
Event: 845.144 GC heap before
{Heap before GC invocations=1821 (full 5):
 PSYoungGen      total 6656K, used 6302K [0x00000000d5580000, 0x00000000d5d00000, 0x0000000100000000)
  eden space 5632K, 99% used [0x00000000d5580000,0x00000000d5aff338,0x00000000d5b00000)
  from space 1024K, 65% used [0x00000000d5c00000,0x00000000d5ca8810,0x00000000d5d00000)
  to   space 1024K, 0% used [0x00000000d5b00000,0x00000000d5b00000,0x00000000d5c00000)
 ParOldGen       total 1284096K, used 1284059K [0x0000000080000000, 0x00000000ce600000, 0x00000000d5580000)
  object space 1284096K, 99% used [0x0000000080000000,0x00000000ce5f6ed0,0x00000000ce600000)
 Metaspace       used 83764K, committed 85120K, reserved 1179648K
  class space    used 8435K, committed 9088K, reserved 1048576K
}
Event: 845.152 GC heap after
{Heap after GC invocations=1821 (full 5):
 PSYoungGen      total 6656K, used 1022K [0x00000000d5580000, 0x00000000d6900000, 0x0000000100000000)
  eden space 5632K, 0% used [0x00000000d5580000,0x00000000d5580000,0x00000000d5b00000)
  from space 1024K, 99% used [0x00000000d5b00000,0x00000000d5bff810,0x00000000d5c00000)
  to   space 7168K, 0% used [0x00000000d6200000,0x00000000d6200000,0x00000000d6900000)
 ParOldGen       total 1289216K, used 1289175K [0x0000000080000000, 0x00000000ceb00000, 0x00000000d5580000)
  object space 1289216K, 99% used [0x0000000080000000,0x00000000ceaf5f00,0x00000000ceb00000)
 Metaspace       used 83764K, committed 85120K, reserved 1179648K
  class space    used 8435K, committed 9088K, reserved 1048576K
}
Event: 845.252 GC heap before
{Heap before GC invocations=1822 (full 5):
 PSYoungGen      total 6656K, used 6654K [0x00000000d5580000, 0x00000000d6900000, 0x0000000100000000)
  eden space 5632K, 100% used [0x00000000d5580000,0x00000000d5b00000,0x00000000d5b00000)
  from space 1024K, 99% used [0x00000000d5b00000,0x00000000d5bff810,0x00000000d5c00000)
  to   space 7168K, 0% used [0x00000000d6200000,0x00000000d6200000,0x00000000d6900000)
 ParOldGen       total 1289216K, used 1289175K [0x0000000080000000, 0x00000000ceb00000, 0x00000000d5580000)
  object space 1289216K, 99% used [0x0000000080000000,0x00000000ceaf5f00,0x00000000ceb00000)
 Metaspace       used 83766K, committed 85120K, reserved 1179648K
  class space    used 8435K, committed 9088K, reserved 1048576K
}
Event: 845.265 GC heap after
{Heap after GC invocations=1822 (full 5):
 PSYoungGen      total 11264K, used 5291K [0x00000000d5580000, 0x00000000d6780000, 0x0000000100000000)
  eden space 5632K, 0% used [0x00000000d5580000,0x00000000d5580000,0x00000000d5b00000)
  from space 5632K, 93% used [0x00000000d6200000,0x00000000d672aca0,0x00000000d6780000)
  to   space 5632K, 0% used [0x00000000d5c80000,0x00000000d5c80000,0x00000000d6200000)
 ParOldGen       total 1289728K, used 1289695K [0x0000000080000000, 0x00000000ceb80000, 0x00000000d5580000)
  object space 1289728K, 99% used [0x0000000080000000,0x00000000ceb77f00,0x00000000ceb80000)
 Metaspace       used 83766K, committed 85120K, reserved 1179648K
  class space    used 8435K, committed 9088K, reserved 1048576K
}
Event: 920.847 GC heap before
{Heap before GC invocations=1823 (full 5):
 PSYoungGen      total 11264K, used 10923K [0x00000000d5580000, 0x00000000d6780000, 0x0000000100000000)
  eden space 5632K, 99% used [0x00000000d5580000,0x00000000d5affff0,0x00000000d5b00000)
  from space 5632K, 93% used [0x00000000d6200000,0x00000000d672aca0,0x00000000d6780000)
  to   space 5632K, 0% used [0x00000000d5c80000,0x00000000d5c80000,0x00000000d6200000)
 ParOldGen       total 1289728K, used 1289695K [0x0000000080000000, 0x00000000ceb80000, 0x00000000d5580000)
  object space 1289728K, 99% used [0x0000000080000000,0x00000000ceb77f00,0x00000000ceb80000)
 Metaspace       used 83801K, committed 85184K, reserved 1179648K
  class space    used 8436K, committed 9088K, reserved 1048576K
}
Event: 921.221 GC heap after
{Heap after GC invocations=1823 (full 5):
 PSYoungGen      total 6144K, used 288K [0x00000000d5580000, 0x00000000d6280000, 0x0000000100000000)
  eden space 5632K, 0% used [0x00000000d5580000,0x00000000d5580000,0x00000000d5b00000)
  from space 512K, 56% used [0x00000000d5c80000,0x00000000d5cc8000,0x00000000d5d00000)
  to   space 2560K, 0% used [0x00000000d6000000,0x00000000d6000000,0x00000000d6280000)
 ParOldGen       total 1295360K, used 1294906K [0x0000000080000000, 0x00000000cf100000, 0x00000000d5580000)
  object space 1295360K, 99% used [0x0000000080000000,0x00000000cf08eba0,0x00000000cf100000)
 Metaspace       used 83801K, committed 85184K, reserved 1179648K
  class space    used 8436K, committed 9088K, reserved 1048576K
}
Event: 924.573 GC heap before
{Heap before GC invocations=1824 (full 5):
 PSYoungGen      total 6144K, used 5920K [0x00000000d5580000, 0x00000000d6280000, 0x0000000100000000)
  eden space 5632K, 100% used [0x00000000d5580000,0x00000000d5b00000,0x00000000d5b00000)
  from space 512K, 56% used [0x00000000d5c80000,0x00000000d5cc8000,0x00000000d5d00000)
  to   space 2560K, 0% used [0x00000000d6000000,0x00000000d6000000,0x00000000d6280000)
 ParOldGen       total 1295360K, used 1294906K [0x0000000080000000, 0x00000000cf100000, 0x00000000d5580000)
  object space 1295360K, 99% used [0x0000000080000000,0x00000000cf08eba0,0x00000000cf100000)
 Metaspace       used 83807K, committed 85184K, reserved 1179648K
  class space    used 8436K, committed 9088K, reserved 1048576K
}
Event: 924.591 GC heap after
{Heap after GC invocations=1824 (full 5):
 PSYoungGen      total 6144K, used 192K [0x00000000d5580000, 0x00000000d6080000, 0x0000000100000000)
  eden space 5632K, 0% used [0x00000000d5580000,0x00000000d5580000,0x00000000d5b00000)
  from space 512K, 37% used [0x00000000d6000000,0x00000000d6030000,0x00000000d6080000)
  to   space 1024K, 0% used [0x00000000d5e80000,0x00000000d5e80000,0x00000000d5f80000)
 ParOldGen       total 1295360K, used 1294983K [0x0000000080000000, 0x00000000cf100000, 0x00000000d5580000)
  object space 1295360K, 99% used [0x0000000080000000,0x00000000cf0a1da8,0x00000000cf100000)
 Metaspace       used 83807K, committed 85184K, reserved 1179648K
  class space    used 8436K, committed 9088K, reserved 1048576K
}
Event: 928.520 GC heap before
{Heap before GC invocations=1825 (full 5):
 PSYoungGen      total 6144K, used 5824K [0x00000000d5580000, 0x00000000d6080000, 0x0000000100000000)
  eden space 5632K, 100% used [0x00000000d5580000,0x00000000d5b00000,0x00000000d5b00000)
  from space 512K, 37% used [0x00000000d6000000,0x00000000d6030000,0x00000000d6080000)
  to   space 1024K, 0% used [0x00000000d5e80000,0x00000000d5e80000,0x00000000d5f80000)
 ParOldGen       total 1295360K, used 1294983K [0x0000000080000000, 0x00000000cf100000, 0x00000000d5580000)
  object space 1295360K, 99% used [0x0000000080000000,0x00000000cf0a1da8,0x00000000cf100000)
 Metaspace       used 83812K, committed 85184K, reserved 1179648K
  class space    used 8436K, committed 9088K, reserved 1048576K
}
Event: 928.530 GC heap after
{Heap after GC invocations=1825 (full 5):
 PSYoungGen      total 6656K, used 400K [0x00000000d5580000, 0x00000000d6080000, 0x0000000100000000)
  eden space 5632K, 0% used [0x00000000d5580000,0x00000000d5580000,0x00000000d5b00000)
  from space 1024K, 39% used [0x00000000d5e80000,0x00000000d5ee4010,0x00000000d5f80000)
  to   space 512K, 0% used [0x00000000d6000000,0x00000000d6000000,0x00000000d6080000)
 ParOldGen       total 1295360K, used 1295039K [0x0000000080000000, 0x00000000cf100000, 0x00000000d5580000)
  object space 1295360K, 99% used [0x0000000080000000,0x00000000cf0afe08,0x00000000cf100000)
 Metaspace       used 83812K, committed 85184K, reserved 1179648K
  class space    used 8436K, committed 9088K, reserved 1048576K
}
Event: 931.582 GC heap before
{Heap before GC invocations=1826 (full 5):
 PSYoungGen      total 6656K, used 6032K [0x00000000d5580000, 0x00000000d6080000, 0x0000000100000000)
  eden space 5632K, 100% used [0x00000000d5580000,0x00000000d5b00000,0x00000000d5b00000)
  from space 1024K, 39% used [0x00000000d5e80000,0x00000000d5ee4010,0x00000000d5f80000)
  to   space 512K, 0% used [0x00000000d6000000,0x00000000d6000000,0x00000000d6080000)
 ParOldGen       total 1295360K, used 1295039K [0x0000000080000000, 0x00000000cf100000, 0x00000000d5580000)
  object space 1295360K, 99% used [0x0000000080000000,0x00000000cf0afe08,0x00000000cf100000)
 Metaspace       used 83813K, committed 85184K, reserved 1179648K
  class space    used 8436K, committed 9088K, reserved 1048576K
}
Event: 931.590 GC heap after
{Heap after GC invocations=1826 (full 5):
 PSYoungGen      total 6144K, used 352K [0x00000000d5580000, 0x00000000d6080000, 0x0000000100000000)
  eden space 5632K, 0% used [0x00000000d5580000,0x00000000d5580000,0x00000000d5b00000)
  from space 512K, 68% used [0x00000000d6000000,0x00000000d6058000,0x00000000d6080000)
  to   space 512K, 0% used [0x00000000d5f80000,0x00000000d5f80000,0x00000000d6000000)
 ParOldGen       total 1295360K, used 1295087K [0x0000000080000000, 0x00000000cf100000, 0x00000000d5580000)
  object space 1295360K, 99% used [0x0000000080000000,0x00000000cf0bbec8,0x00000000cf100000)
 Metaspace       used 83813K, committed 85184K, reserved 1179648K
  class space    used 8436K, committed 9088K, reserved 1048576K
}
Event: 933.654 GC heap before
{Heap before GC invocations=1827 (full 5):
 PSYoungGen      total 6144K, used 5984K [0x00000000d5580000, 0x00000000d6080000, 0x0000000100000000)
  eden space 5632K, 100% used [0x00000000d5580000,0x00000000d5b00000,0x00000000d5b00000)
  from space 512K, 68% used [0x00000000d6000000,0x00000000d6058000,0x00000000d6080000)
  to   space 512K, 0% used [0x00000000d5f80000,0x00000000d5f80000,0x00000000d6000000)
 ParOldGen       total 1295360K, used 1295087K [0x0000000080000000, 0x00000000cf100000, 0x00000000d5580000)
  object space 1295360K, 99% used [0x0000000080000000,0x00000000cf0bbec8,0x00000000cf100000)
 Metaspace       used 83813K, committed 85184K, reserved 1179648K
  class space    used 8436K, committed 9088K, reserved 1048576K
}
Event: 933.663 GC heap after
{Heap after GC invocations=1827 (full 5):
 PSYoungGen      total 6144K, used 512K [0x00000000d5580000, 0x00000000d6080000, 0x0000000100000000)
  eden space 5632K, 0% used [0x00000000d5580000,0x00000000d5580000,0x00000000d5b00000)
  from space 512K, 100% used [0x00000000d5f80000,0x00000000d6000000,0x00000000d6000000)
  to   space 512K, 0% used [0x00000000d6000000,0x00000000d6000000,0x00000000d6080000)
 ParOldGen       total 1295360K, used 1295143K [0x0000000080000000, 0x00000000cf100000, 0x00000000d5580000)
  object space 1295360K, 99% used [0x0000000080000000,0x00000000cf0c9ec8,0x00000000cf100000)
 Metaspace       used 83813K, committed 85184K, reserved 1179648K
  class space    used 8436K, committed 9088K, reserved 1048576K
}
Event: 936.656 GC heap before
{Heap before GC invocations=1828 (full 5):
 PSYoungGen      total 6144K, used 6144K [0x00000000d5580000, 0x00000000d6080000, 0x0000000100000000)
  eden space 5632K, 100% used [0x00000000d5580000,0x00000000d5b00000,0x00000000d5b00000)
  from space 512K, 100% used [0x00000000d5f80000,0x00000000d6000000,0x00000000d6000000)
  to   space 512K, 0% used [0x00000000d6000000,0x00000000d6000000,0x00000000d6080000)
 ParOldGen       total 1295360K, used 1295143K [0x0000000080000000, 0x00000000cf100000, 0x00000000d5580000)
  object space 1295360K, 99% used [0x0000000080000000,0x00000000cf0c9ec8,0x00000000cf100000)
 Metaspace       used 83813K, committed 85184K, reserved 1179648K
  class space    used 8436K, committed 9088K, reserved 1048576K
}
Event: 936.670 GC heap after
{Heap after GC invocations=1828 (full 5):
 PSYoungGen      total 6144K, used 416K [0x00000000d5580000, 0x00000000d6080000, 0x0000000100000000)
  eden space 5632K, 0% used [0x00000000d5580000,0x00000000d5580000,0x00000000d5b00000)
  from space 512K, 81% used [0x00000000d6000000,0x00000000d6068000,0x00000000d6080000)
  to   space 512K, 0% used [0x00000000d5f80000,0x00000000d5f80000,0x00000000d6000000)
 ParOldGen       total 1295360K, used 1295191K [0x0000000080000000, 0x00000000cf100000, 0x00000000d5580000)
  object space 1295360K, 99% used [0x0000000080000000,0x00000000cf0d5ec8,0x00000000cf100000)
 Metaspace       used 83813K, committed 85184K, reserved 1179648K
  class space    used 8436K, committed 9088K, reserved 1048576K
}

